::1 - - [23/Jan/2022:18:30:30 +0000] "GET /project/create HTTP/1.1" 200 2793 "http://localhost:8000/" "Mozilla/5.0 (Windows NT 10.0; Win64; x64) AppleWebKit/537.36 (KHTML, like Gecko) Chrome/97.0.4692.99 Safari/537.36"
::1 - - [23/Jan/2022:18:30:40 +0000] "GET / HTTP/1.1" 304 - "http://localhost:8000/project/create" "Mozilla/5.0 (Windows NT 10.0; Win64; x64) AppleWebKit/537.36 (KHTML, like Gecko) Chrome/97.0.4692.99 Safari/537.36"
::1 - - [24/Jan/2022:07:38:51 +0000] "GET / HTTP/1.1" 304 - "-" "Mozilla/5.0 (Windows NT 10.0; Win64; x64) AppleWebKit/537.36 (KHTML, like Gecko) Chrome/97.0.4692.99 Safari/537.36"
::1 - - [24/Jan/2022:07:38:53 +0000] "GET /project/create HTTP/1.1" 200 2793 "http://localhost:8000/" "Mozilla/5.0 (Windows NT 10.0; Win64; x64) AppleWebKit/537.36 (KHTML, like Gecko) Chrome/97.0.4692.99 Safari/537.36"
::1 - - [24/Jan/2022:07:42:09 +0000] "GET / HTTP/1.1" 304 - "-" "Mozilla/5.0 (Windows NT 10.0; Win64; x64) AppleWebKit/537.36 (KHTML, like Gecko) Chrome/97.0.4692.99 Safari/537.36"
::1 - - [24/Jan/2022:07:42:10 +0000] "GET /project/create HTTP/1.1" 304 - "http://localhost:8000/" "Mozilla/5.0 (Windows NT 10.0; Win64; x64) AppleWebKit/537.36 (KHTML, like Gecko) Chrome/97.0.4692.99 Safari/537.36"
::1 - - [24/Jan/2022:07:42:14 +0000] "GET /project/create HTTP/1.1" 304 - "http://localhost:8000/" "Mozilla/5.0 (Windows NT 10.0; Win64; x64) AppleWebKit/537.36 (KHTML, like Gecko) Chrome/97.0.4692.99 Safari/537.36"
::1 - - [24/Jan/2022:07:42:46 +0000] "GET /project/create HTTP/1.1" 304 - "http://localhost:8000/" "Mozilla/5.0 (Windows NT 10.0; Win64; x64) AppleWebKit/537.36 (KHTML, like Gecko) Chrome/97.0.4692.99 Safari/537.36"
::1 - - [24/Jan/2022:07:43:14 +0000] "POST /project/create-project HTTP/1.1" 302 46 "http://localhost:8000/project/create" "Mozilla/5.0 (Windows NT 10.0; Win64; x64) AppleWebKit/537.36 (KHTML, like Gecko) Chrome/97.0.4692.99 Safari/537.36"
::1 - - [24/Jan/2022:07:43:15 +0000] "GET / HTTP/1.1" 200 4179 "http://localhost:8000/project/create" "Mozilla/5.0 (Windows NT 10.0; Win64; x64) AppleWebKit/537.36 (KHTML, like Gecko) Chrome/97.0.4692.99 Safari/537.36"
::1 - - [24/Jan/2022:07:43:22 +0000] "GET /project/create HTTP/1.1" 304 - "http://localhost:8000/" "Mozilla/5.0 (Windows NT 10.0; Win64; x64) AppleWebKit/537.36 (KHTML, like Gecko) Chrome/97.0.4692.99 Safari/537.36"
::1 - - [24/Jan/2022:07:43:28 +0000] "GET /project/create HTTP/1.1" 304 - "http://localhost:8000/" "Mozilla/5.0 (Windows NT 10.0; Win64; x64) AppleWebKit/537.36 (KHTML, like Gecko) Chrome/97.0.4692.99 Safari/537.36"
::1 - - [24/Jan/2022:07:44:00 +0000] "GET / HTTP/1.1" 200 3794 "http://localhost:8000/project/create" "Mozilla/5.0 (Windows NT 10.0; Win64; x64) AppleWebKit/537.36 (KHTML, like Gecko) Chrome/97.0.4692.99 Safari/537.36"
::1 - - [24/Jan/2022:07:44:04 +0000] "GET /project/create HTTP/1.1" 304 - "http://localhost:8000/" "Mozilla/5.0 (Windows NT 10.0; Win64; x64) AppleWebKit/537.36 (KHTML, like Gecko) Chrome/97.0.4692.99 Safari/537.36"
::1 - - [24/Jan/2022:07:44:07 +0000] "GET /project/create HTTP/1.1" 304 - "http://localhost:8000/" "Mozilla/5.0 (Windows NT 10.0; Win64; x64) AppleWebKit/537.36 (KHTML, like Gecko) Chrome/97.0.4692.99 Safari/537.36"
::1 - - [24/Jan/2022:07:44:11 +0000] "GET /project/create HTTP/1.1" 304 - "http://localhost:8000/" "Mozilla/5.0 (Windows NT 10.0; Win64; x64) AppleWebKit/537.36 (KHTML, like Gecko) Chrome/97.0.4692.99 Safari/537.36"
::1 - - [24/Jan/2022:07:44:32 +0000] "POST /project/create-project HTTP/1.1" 302 46 "http://localhost:8000/project/create" "Mozilla/5.0 (Windows NT 10.0; Win64; x64) AppleWebKit/537.36 (KHTML, like Gecko) Chrome/97.0.4692.99 Safari/537.36"
::1 - - [24/Jan/2022:07:44:33 +0000] "GET / HTTP/1.1" 200 5395 "http://localhost:8000/project/create" "Mozilla/5.0 (Windows NT 10.0; Win64; x64) AppleWebKit/537.36 (KHTML, like Gecko) Chrome/97.0.4692.99 Safari/537.36"
::1 - - [24/Jan/2022:07:44:37 +0000] "GET /project/create HTTP/1.1" 304 - "http://localhost:8000/" "Mozilla/5.0 (Windows NT 10.0; Win64; x64) AppleWebKit/537.36 (KHTML, like Gecko) Chrome/97.0.4692.99 Safari/537.36"
::1 - - [24/Jan/2022:07:44:40 +0000] "GET /project/create HTTP/1.1" 304 - "http://localhost:8000/" "Mozilla/5.0 (Windows NT 10.0; Win64; x64) AppleWebKit/537.36 (KHTML, like Gecko) Chrome/97.0.4692.99 Safari/537.36"
::1 - - [24/Jan/2022:07:44:44 +0000] "GET /project/create HTTP/1.1" 304 - "http://localhost:8000/" "Mozilla/5.0 (Windows NT 10.0; Win64; x64) AppleWebKit/537.36 (KHTML, like Gecko) Chrome/97.0.4692.99 Safari/537.36"
::1 - - [24/Jan/2022:07:45:13 +0000] "GET /project/create HTTP/1.1" 304 - "http://localhost:8000/" "Mozilla/5.0 (Windows NT 10.0; Win64; x64) AppleWebKit/537.36 (KHTML, like Gecko) Chrome/97.0.4692.99 Safari/537.36"
::1 - - [24/Jan/2022:07:46:25 +0000] "GET /project/create HTTP/1.1" 304 - "http://localhost:8000/" "Mozilla/5.0 (Windows NT 10.0; Win64; x64) AppleWebKit/537.36 (KHTML, like Gecko) Chrome/97.0.4692.99 Safari/537.36"
::1 - - [24/Jan/2022:07:46:29 +0000] "GET /project/create HTTP/1.1" 304 - "http://localhost:8000/" "Mozilla/5.0 (Windows NT 10.0; Win64; x64) AppleWebKit/537.36 (KHTML, like Gecko) Chrome/97.0.4692.99 Safari/537.36"
::1 - - [24/Jan/2022:07:46:36 +0000] "GET /project/create HTTP/1.1" 304 - "http://localhost:8000/" "Mozilla/5.0 (Windows NT 10.0; Win64; x64) AppleWebKit/537.36 (KHTML, like Gecko) Chrome/97.0.4692.99 Safari/537.36"
::1 - - [24/Jan/2022:07:46:48 +0000] "GET /project/create HTTP/1.1" 304 - "http://localhost:8000/" "Mozilla/5.0 (Windows NT 10.0; Win64; x64) AppleWebKit/537.36 (KHTML, like Gecko) Chrome/97.0.4692.99 Safari/537.36"
::1 - - [24/Jan/2022:07:46:54 +0000] "GET /project/create HTTP/1.1" 304 - "http://localhost:8000/" "Mozilla/5.0 (Windows NT 10.0; Win64; x64) AppleWebKit/537.36 (KHTML, like Gecko) Chrome/97.0.4692.99 Safari/537.36"
::1 - - [24/Jan/2022:07:46:59 +0000] "GET /project/create HTTP/1.1" 304 - "http://localhost:8000/" "Mozilla/5.0 (Windows NT 10.0; Win64; x64) AppleWebKit/537.36 (KHTML, like Gecko) Chrome/97.0.4692.99 Safari/537.36"
::1 - - [24/Jan/2022:07:47:05 +0000] "GET /project/create HTTP/1.1" 304 - "http://localhost:8000/" "Mozilla/5.0 (Windows NT 10.0; Win64; x64) AppleWebKit/537.36 (KHTML, like Gecko) Chrome/97.0.4692.99 Safari/537.36"
::1 - - [24/Jan/2022:07:47:09 +0000] "GET /project/create HTTP/1.1" 304 - "http://localhost:8000/" "Mozilla/5.0 (Windows NT 10.0; Win64; x64) AppleWebKit/537.36 (KHTML, like Gecko) Chrome/97.0.4692.99 Safari/537.36"
::1 - - [24/Jan/2022:07:47:59 +0000] "GET /project/61ee58e0f937aa6e78485b35 HTTP/1.1" 200 1973 "http://localhost:8000/" "Mozilla/5.0 (Windows NT 10.0; Win64; x64) AppleWebKit/537.36 (KHTML, like Gecko) Chrome/97.0.4692.99 Safari/537.36"
::1 - - [24/Jan/2022:07:48:03 +0000] "GET /project/61ee5892f937aa6e78485b30 HTTP/1.1" 200 1973 "http://localhost:8000/" "Mozilla/5.0 (Windows NT 10.0; Win64; x64) AppleWebKit/537.36 (KHTML, like Gecko) Chrome/97.0.4692.99 Safari/537.36"
::1 - - [24/Jan/2022:07:48:06 +0000] "GET /project/create HTTP/1.1" 304 - "http://localhost:8000/" "Mozilla/5.0 (Windows NT 10.0; Win64; x64) AppleWebKit/537.36 (KHTML, like Gecko) Chrome/97.0.4692.99 Safari/537.36"
::1 - - [24/Jan/2022:07:48:11 +0000] "GET / HTTP/1.1" 200 5010 "http://localhost:8000/project/create" "Mozilla/5.0 (Windows NT 10.0; Win64; x64) AppleWebKit/537.36 (KHTML, like Gecko) Chrome/97.0.4692.99 Safari/537.36"
::1 - - [24/Jan/2022:07:48:13 +0000] "GET /project/create HTTP/1.1" 304 - "http://localhost:8000/" "Mozilla/5.0 (Windows NT 10.0; Win64; x64) AppleWebKit/537.36 (KHTML, like Gecko) Chrome/97.0.4692.99 Safari/537.36"
::1 - - [24/Jan/2022:07:48:15 +0000] "GET /project/61ee5892f937aa6e78485b30 HTTP/1.1" 304 - "http://localhost:8000/" "Mozilla/5.0 (Windows NT 10.0; Win64; x64) AppleWebKit/537.36 (KHTML, like Gecko) Chrome/97.0.4692.99 Safari/537.36"
::1 - - [24/Jan/2022:07:48:18 +0000] "GET /project/61ee58e0f937aa6e78485b35 HTTP/1.1" 304 - "http://localhost:8000/" "Mozilla/5.0 (Windows NT 10.0; Win64; x64) AppleWebKit/537.36 (KHTML, like Gecko) Chrome/97.0.4692.99 Safari/537.36"
::1 - - [24/Jan/2022:07:49:04 +0000] "GET /project/create HTTP/1.1" 304 - "http://localhost:8000/" "Mozilla/5.0 (Windows NT 10.0; Win64; x64) AppleWebKit/537.36 (KHTML, like Gecko) Chrome/97.0.4692.99 Safari/537.36"
::1 - - [24/Jan/2022:07:49:36 +0000] "POST /project/create-project HTTP/1.1" 302 46 "http://localhost:8000/project/create" "Mozilla/5.0 (Windows NT 10.0; Win64; x64) AppleWebKit/537.36 (KHTML, like Gecko) Chrome/97.0.4692.99 Safari/537.36"
::1 - - [24/Jan/2022:07:49:36 +0000] "GET / HTTP/1.1" 200 6390 "http://localhost:8000/project/create" "Mozilla/5.0 (Windows NT 10.0; Win64; x64) AppleWebKit/537.36 (KHTML, like Gecko) Chrome/97.0.4692.99 Safari/537.36"
::1 - - [24/Jan/2022:07:49:50 +0000] "GET /project/create HTTP/1.1" 304 - "http://localhost:8000/" "Mozilla/5.0 (Windows NT 10.0; Win64; x64) AppleWebKit/537.36 (KHTML, like Gecko) Chrome/97.0.4692.99 Safari/537.36"
::1 - - [24/Jan/2022:07:50:23 +0000] "GET /project/create HTTP/1.1" 304 - "http://localhost:8000/" "Mozilla/5.0 (Windows NT 10.0; Win64; x64) AppleWebKit/537.36 (KHTML, like Gecko) Chrome/97.0.4692.99 Safari/537.36"
::1 - - [24/Jan/2022:07:51:49 +0000] "GET /project/create HTTP/1.1" 304 - "http://localhost:8000/" "Mozilla/5.0 (Windows NT 10.0; Win64; x64) AppleWebKit/537.36 (KHTML, like Gecko) Chrome/97.0.4692.99 Safari/537.36"
::1 - - [24/Jan/2022:07:51:53 +0000] "GET /project/create HTTP/1.1" 304 - "http://localhost:8000/" "Mozilla/5.0 (Windows NT 10.0; Win64; x64) AppleWebKit/537.36 (KHTML, like Gecko) Chrome/97.0.4692.99 Safari/537.36"
::1 - - [24/Jan/2022:07:52:02 +0000] "GET /project/create HTTP/1.1" 304 - "http://localhost:8000/" "Mozilla/5.0 (Windows NT 10.0; Win64; x64) AppleWebKit/537.36 (KHTML, like Gecko) Chrome/97.0.4692.99 Safari/537.36"
::1 - - [24/Jan/2022:07:52:17 +0000] "GET / HTTP/1.1" 200 6005 "http://localhost:8000/project/create" "Mozilla/5.0 (Windows NT 10.0; Win64; x64) AppleWebKit/537.36 (KHTML, like Gecko) Chrome/97.0.4692.99 Safari/537.36"
::1 - - [24/Jan/2022:07:52:19 +0000] "GET /project/create HTTP/1.1" 304 - "http://localhost:8000/" "Mozilla/5.0 (Windows NT 10.0; Win64; x64) AppleWebKit/537.36 (KHTML, like Gecko) Chrome/97.0.4692.99 Safari/537.36"
::1 - - [24/Jan/2022:07:52:22 +0000] "GET /project/create HTTP/1.1" 304 - "http://localhost:8000/" "Mozilla/5.0 (Windows NT 10.0; Win64; x64) AppleWebKit/537.36 (KHTML, like Gecko) Chrome/97.0.4692.99 Safari/537.36"
::1 - - [24/Jan/2022:07:52:25 +0000] "GET /project/create HTTP/1.1" 304 - "http://localhost:8000/" "Mozilla/5.0 (Windows NT 10.0; Win64; x64) AppleWebKit/537.36 (KHTML, like Gecko) Chrome/97.0.4692.99 Safari/537.36"
::1 - - [24/Jan/2022:07:52:49 +0000] "POST /project/create-project HTTP/1.1" 302 46 "http://localhost:8000/project/create" "Mozilla/5.0 (Windows NT 10.0; Win64; x64) AppleWebKit/537.36 (KHTML, like Gecko) Chrome/97.0.4692.99 Safari/537.36"
::1 - - [24/Jan/2022:07:52:49 +0000] "GET / HTTP/1.1" 200 7531 "http://localhost:8000/project/create" "Mozilla/5.0 (Windows NT 10.0; Win64; x64) AppleWebKit/537.36 (KHTML, like Gecko) Chrome/97.0.4692.99 Safari/537.36"
::1 - - [24/Jan/2022:07:52:52 +0000] "GET /project/create HTTP/1.1" 304 - "http://localhost:8000/" "Mozilla/5.0 (Windows NT 10.0; Win64; x64) AppleWebKit/537.36 (KHTML, like Gecko) Chrome/97.0.4692.99 Safari/537.36"
::1 - - [24/Jan/2022:07:55:37 +0000] "GET /project/create HTTP/1.1" 304 - "http://localhost:8000/" "Mozilla/5.0 (Windows NT 10.0; Win64; x64) AppleWebKit/537.36 (KHTML, like Gecko) Chrome/97.0.4692.99 Safari/537.36"
::1 - - [24/Jan/2022:07:56:57 +0000] "GET /project/create HTTP/1.1" 304 - "http://localhost:8000/" "Mozilla/5.0 (Windows NT 10.0; Win64; x64) AppleWebKit/537.36 (KHTML, like Gecko) Chrome/97.0.4692.99 Safari/537.36"
::1 - - [24/Jan/2022:07:57:01 +0000] "GET /project/create HTTP/1.1" 304 - "http://localhost:8000/" "Mozilla/5.0 (Windows NT 10.0; Win64; x64) AppleWebKit/537.36 (KHTML, like Gecko) Chrome/97.0.4692.99 Safari/537.36"
::1 - - [24/Jan/2022:07:57:02 +0000] "GET / HTTP/1.1" 200 7146 "http://localhost:8000/project/create" "Mozilla/5.0 (Windows NT 10.0; Win64; x64) AppleWebKit/537.36 (KHTML, like Gecko) Chrome/97.0.4692.99 Safari/537.36"
::1 - - [24/Jan/2022:07:57:44 +0000] "GET /project/create HTTP/1.1" 304 - "http://localhost:8000/" "Mozilla/5.0 (Windows NT 10.0; Win64; x64) AppleWebKit/537.36 (KHTML, like Gecko) Chrome/97.0.4692.99 Safari/537.36"
::1 - - [24/Jan/2022:07:58:52 +0000] "GET /project/create HTTP/1.1" 304 - "http://localhost:8000/" "Mozilla/5.0 (Windows NT 10.0; Win64; x64) AppleWebKit/537.36 (KHTML, like Gecko) Chrome/97.0.4692.99 Safari/537.36"
::1 - - [24/Jan/2022:07:58:57 +0000] "GET /project/create HTTP/1.1" 304 - "http://localhost:8000/" "Mozilla/5.0 (Windows NT 10.0; Win64; x64) AppleWebKit/537.36 (KHTML, like Gecko) Chrome/97.0.4692.99 Safari/537.36"
::1 - - [24/Jan/2022:07:59:00 +0000] "GET /project/create HTTP/1.1" 304 - "http://localhost:8000/" "Mozilla/5.0 (Windows NT 10.0; Win64; x64) AppleWebKit/537.36 (KHTML, like Gecko) Chrome/97.0.4692.99 Safari/537.36"
::1 - - [24/Jan/2022:08:04:12 +0000] "GET / HTTP/1.1" 304 - "http://localhost:8000/project/create" "Mozilla/5.0 (Windows NT 10.0; Win64; x64) AppleWebKit/537.36 (KHTML, like Gecko) Chrome/97.0.4692.99 Safari/537.36"
::1 - - [24/Jan/2022:08:04:13 +0000] "GET /project/create HTTP/1.1" 304 - "http://localhost:8000/" "Mozilla/5.0 (Windows NT 10.0; Win64; x64) AppleWebKit/537.36 (KHTML, like Gecko) Chrome/97.0.4692.99 Safari/537.36"
::1 - - [24/Jan/2022:08:04:22 +0000] "GET /project/create HTTP/1.1" 304 - "http://localhost:8000/" "Mozilla/5.0 (Windows NT 10.0; Win64; x64) AppleWebKit/537.36 (KHTML, like Gecko) Chrome/97.0.4692.99 Safari/537.36"
::1 - - [24/Jan/2022:08:04:25 +0000] "GET /project/create HTTP/1.1" 304 - "http://localhost:8000/" "Mozilla/5.0 (Windows NT 10.0; Win64; x64) AppleWebKit/537.36 (KHTML, like Gecko) Chrome/97.0.4692.99 Safari/537.36"
::1 - - [24/Jan/2022:08:04:28 +0000] "GET /project/create HTTP/1.1" 304 - "http://localhost:8000/" "Mozilla/5.0 (Windows NT 10.0; Win64; x64) AppleWebKit/537.36 (KHTML, like Gecko) Chrome/97.0.4692.99 Safari/537.36"
::1 - - [24/Jan/2022:08:04:57 +0000] "POST /project/create-project HTTP/1.1" 302 46 "http://localhost:8000/project/create" "Mozilla/5.0 (Windows NT 10.0; Win64; x64) AppleWebKit/537.36 (KHTML, like Gecko) Chrome/97.0.4692.99 Safari/537.36"
::1 - - [24/Jan/2022:08:04:57 +0000] "GET / HTTP/1.1" 200 8513 "http://localhost:8000/project/create" "Mozilla/5.0 (Windows NT 10.0; Win64; x64) AppleWebKit/537.36 (KHTML, like Gecko) Chrome/97.0.4692.99 Safari/537.36"
::1 - - [24/Jan/2022:08:05:00 +0000] "GET /project/create HTTP/1.1" 304 - "http://localhost:8000/" "Mozilla/5.0 (Windows NT 10.0; Win64; x64) AppleWebKit/537.36 (KHTML, like Gecko) Chrome/97.0.4692.99 Safari/537.36"
::1 - - [24/Jan/2022:08:05:41 +0000] "GET / HTTP/1.1" 200 8128 "http://localhost:8000/project/create" "Mozilla/5.0 (Windows NT 10.0; Win64; x64) AppleWebKit/537.36 (KHTML, like Gecko) Chrome/97.0.4692.99 Safari/537.36"
::1 - - [24/Jan/2022:08:05:43 +0000] "GET /project/create HTTP/1.1" 304 - "http://localhost:8000/" "Mozilla/5.0 (Windows NT 10.0; Win64; x64) AppleWebKit/537.36 (KHTML, like Gecko) Chrome/97.0.4692.99 Safari/537.36"
::1 - - [24/Jan/2022:08:05:46 +0000] "GET /project/create HTTP/1.1" 304 - "http://localhost:8000/" "Mozilla/5.0 (Windows NT 10.0; Win64; x64) AppleWebKit/537.36 (KHTML, like Gecko) Chrome/97.0.4692.99 Safari/537.36"
::1 - - [24/Jan/2022:08:06:07 +0000] "POST /project/create-project HTTP/1.1" 301 58 "http://localhost:8000/project/create" "Mozilla/5.0 (Windows NT 10.0; Win64; x64) AppleWebKit/537.36 (KHTML, like Gecko) Chrome/97.0.4692.99 Safari/537.36"
::1 - - [24/Jan/2022:08:06:07 +0000] "GET / HTTP/1.1" 200 9700 "http://localhost:8000/project/create" "Mozilla/5.0 (Windows NT 10.0; Win64; x64) AppleWebKit/537.36 (KHTML, like Gecko) Chrome/97.0.4692.99 Safari/537.36"
::1 - - [24/Jan/2022:08:06:10 +0000] "GET /project/create HTTP/1.1" 304 - "http://localhost:8000/" "Mozilla/5.0 (Windows NT 10.0; Win64; x64) AppleWebKit/537.36 (KHTML, like Gecko) Chrome/97.0.4692.99 Safari/537.36"
::1 - - [24/Jan/2022:08:07:15 +0000] "GET / HTTP/1.1" 200 9315 "http://localhost:8000/project/create" "Mozilla/5.0 (Windows NT 10.0; Win64; x64) AppleWebKit/537.36 (KHTML, like Gecko) Chrome/97.0.4692.99 Safari/537.36"
::1 - - [24/Jan/2022:08:07:17 +0000] "GET /project/create HTTP/1.1" 304 - "http://localhost:8000/" "Mozilla/5.0 (Windows NT 10.0; Win64; x64) AppleWebKit/537.36 (KHTML, like Gecko) Chrome/97.0.4692.99 Safari/537.36"
::1 - - [24/Jan/2022:08:07:20 +0000] "GET / HTTP/1.1" 304 - "http://localhost:8000/project/create" "Mozilla/5.0 (Windows NT 10.0; Win64; x64) AppleWebKit/537.36 (KHTML, like Gecko) Chrome/97.0.4692.99 Safari/537.36"
::1 - - [24/Jan/2022:08:07:21 +0000] "GET /project/create HTTP/1.1" 304 - "http://localhost:8000/" "Mozilla/5.0 (Windows NT 10.0; Win64; x64) AppleWebKit/537.36 (KHTML, like Gecko) Chrome/97.0.4692.99 Safari/537.36"
::1 - - [24/Jan/2022:08:07:22 +0000] "GET / HTTP/1.1" 304 - "http://localhost:8000/project/create" "Mozilla/5.0 (Windows NT 10.0; Win64; x64) AppleWebKit/537.36 (KHTML, like Gecko) Chrome/97.0.4692.99 Safari/537.36"
::1 - - [24/Jan/2022:08:07:23 +0000] "GET /project/create HTTP/1.1" 304 - "http://localhost:8000/" "Mozilla/5.0 (Windows NT 10.0; Win64; x64) AppleWebKit/537.36 (KHTML, like Gecko) Chrome/97.0.4692.99 Safari/537.36"
::1 - - [24/Jan/2022:08:07:29 +0000] "POST /project/create-project HTTP/1.1" 307 59 "http://localhost:8000/project/create" "Mozilla/5.0 (Windows NT 10.0; Win64; x64) AppleWebKit/537.36 (KHTML, like Gecko) Chrome/97.0.4692.99 Safari/537.36"
::1 - - [24/Jan/2022:08:07:29 +0000] "POST / HTTP/1.1" 404 140 "http://localhost:8000/project/create" "Mozilla/5.0 (Windows NT 10.0; Win64; x64) AppleWebKit/537.36 (KHTML, like Gecko) Chrome/97.0.4692.99 Safari/537.36"
::1 - - [24/Jan/2022:08:07:44 +0000] "POST /project/create-project HTTP/1.1" 307 59 "http://localhost:8000/project/create" "Mozilla/5.0 (Windows NT 10.0; Win64; x64) AppleWebKit/537.36 (KHTML, like Gecko) Chrome/97.0.4692.99 Safari/537.36"
::1 - - [24/Jan/2022:08:07:44 +0000] "POST / HTTP/1.1" 404 140 "http://localhost:8000/project/create" "Mozilla/5.0 (Windows NT 10.0; Win64; x64) AppleWebKit/537.36 (KHTML, like Gecko) Chrome/97.0.4692.99 Safari/537.36"
::1 - - [24/Jan/2022:08:08:27 +0000] "GET /project/create HTTP/1.1" 304 - "http://localhost:8000/" "Mozilla/5.0 (Windows NT 10.0; Win64; x64) AppleWebKit/537.36 (KHTML, like Gecko) Chrome/97.0.4692.99 Safari/537.36"
::1 - - [24/Jan/2022:08:08:32 +0000] "POST /project/create-project HTTP/1.1" 302 46 "http://localhost:8000/project/create" "Mozilla/5.0 (Windows NT 10.0; Win64; x64) AppleWebKit/537.36 (KHTML, like Gecko) Chrome/97.0.4692.99 Safari/537.36"
::1 - - [24/Jan/2022:08:08:33 +0000] "GET / HTTP/1.1" 200 12057 "http://localhost:8000/project/create" "Mozilla/5.0 (Windows NT 10.0; Win64; x64) AppleWebKit/537.36 (KHTML, like Gecko) Chrome/97.0.4692.99 Safari/537.36"
::1 - - [24/Jan/2022:08:09:48 +0000] "GET / HTTP/1.1" 200 11672 "http://localhost:8000/project/create" "Mozilla/5.0 (Windows NT 10.0; Win64; x64) AppleWebKit/537.36 (KHTML, like Gecko) Chrome/97.0.4692.99 Safari/537.36"
::1 - - [24/Jan/2022:08:10:03 +0000] "GET /project/create HTTP/1.1" 304 - "http://localhost:8000/" "Mozilla/5.0 (Windows NT 10.0; Win64; x64) AppleWebKit/537.36 (KHTML, like Gecko) Chrome/97.0.4692.99 Safari/537.36"
::1 - - [24/Jan/2022:08:10:07 +0000] "GET /project/create HTTP/1.1" 304 - "http://localhost:8000/" "Mozilla/5.0 (Windows NT 10.0; Win64; x64) AppleWebKit/537.36 (KHTML, like Gecko) Chrome/97.0.4692.99 Safari/537.36"
::1 - - [24/Jan/2022:08:10:16 +0000] "POST /project/create-project HTTP/1.1" 302 46 "http://localhost:8000/project/create" "Mozilla/5.0 (Windows NT 10.0; Win64; x64) AppleWebKit/537.36 (KHTML, like Gecko) Chrome/97.0.4692.99 Safari/537.36"
::1 - - [24/Jan/2022:08:10:16 +0000] "GET / HTTP/1.1" 200 12865 "http://localhost:8000/project/create" "Mozilla/5.0 (Windows NT 10.0; Win64; x64) AppleWebKit/537.36 (KHTML, like Gecko) Chrome/97.0.4692.99 Safari/537.36"
::1 - - [24/Jan/2022:08:10:19 +0000] "GET /project/create HTTP/1.1" 304 - "http://localhost:8000/" "Mozilla/5.0 (Windows NT 10.0; Win64; x64) AppleWebKit/537.36 (KHTML, like Gecko) Chrome/97.0.4692.99 Safari/537.36"
::1 - - [24/Jan/2022:08:10:23 +0000] "GET /project/create HTTP/1.1" 304 - "http://localhost:8000/" "Mozilla/5.0 (Windows NT 10.0; Win64; x64) AppleWebKit/537.36 (KHTML, like Gecko) Chrome/97.0.4692.99 Safari/537.36"
::1 - - [24/Jan/2022:08:10:27 +0000] "GET /project/create HTTP/1.1" 304 - "http://localhost:8000/" "Mozilla/5.0 (Windows NT 10.0; Win64; x64) AppleWebKit/537.36 (KHTML, like Gecko) Chrome/97.0.4692.99 Safari/537.36"
::1 - - [24/Jan/2022:08:10:33 +0000] "GET /project/create HTTP/1.1" 304 - "http://localhost:8000/" "Mozilla/5.0 (Windows NT 10.0; Win64; x64) AppleWebKit/537.36 (KHTML, like Gecko) Chrome/97.0.4692.99 Safari/537.36"
::1 - - [24/Jan/2022:08:10:43 +0000] "GET /project/create HTTP/1.1" 304 - "http://localhost:8000/" "Mozilla/5.0 (Windows NT 10.0; Win64; x64) AppleWebKit/537.36 (KHTML, like Gecko) Chrome/97.0.4692.99 Safari/537.36"
::1 - - [24/Jan/2022:08:12:58 +0000] "GET /project/create HTTP/1.1" 304 - "http://localhost:8000/" "Mozilla/5.0 (Windows NT 10.0; Win64; x64) AppleWebKit/537.36 (KHTML, like Gecko) Chrome/97.0.4692.99 Safari/537.36"
::1 - - [24/Jan/2022:08:13:02 +0000] "GET /project/create HTTP/1.1" 304 - "http://localhost:8000/" "Mozilla/5.0 (Windows NT 10.0; Win64; x64) AppleWebKit/537.36 (KHTML, like Gecko) Chrome/97.0.4692.99 Safari/537.36"
::1 - - [24/Jan/2022:08:13:31 +0000] "GET / HTTP/1.1" 200 2556 "http://localhost:8000/project/create" "Mozilla/5.0 (Windows NT 10.0; Win64; x64) AppleWebKit/537.36 (KHTML, like Gecko) Chrome/97.0.4692.99 Safari/537.36"
::1 - - [24/Jan/2022:08:15:18 +0000] "GET / HTTP/1.1" 200 2556 "http://localhost:8000/project/create" "Mozilla/5.0 (Windows NT 10.0; Win64; x64) AppleWebKit/537.36 (KHTML, like Gecko) Chrome/97.0.4692.99 Safari/537.36"
::1 - - [24/Jan/2022:08:15:22 +0000] "GET / HTTP/1.1" 200 2556 "http://localhost:8000/project/create" "Mozilla/5.0 (Windows NT 10.0; Win64; x64) AppleWebKit/537.36 (KHTML, like Gecko) Chrome/97.0.4692.99 Safari/537.36"
::1 - - [24/Jan/2022:08:15:26 +0000] "GET /project/create HTTP/1.1" 304 - "http://localhost:8000/" "Mozilla/5.0 (Windows NT 10.0; Win64; x64) AppleWebKit/537.36 (KHTML, like Gecko) Chrome/97.0.4692.99 Safari/537.36"
::1 - - [24/Jan/2022:08:15:35 +0000] "POST /project/create-project HTTP/1.1" 302 46 "http://localhost:8000/project/create" "Mozilla/5.0 (Windows NT 10.0; Win64; x64) AppleWebKit/537.36 (KHTML, like Gecko) Chrome/97.0.4692.99 Safari/537.36"
::1 - - [24/Jan/2022:08:15:36 +0000] "GET / HTTP/1.1" 200 3995 "http://localhost:8000/project/create" "Mozilla/5.0 (Windows NT 10.0; Win64; x64) AppleWebKit/537.36 (KHTML, like Gecko) Chrome/97.0.4692.99 Safari/537.36"
::1 - - [24/Jan/2022:08:15:38 +0000] "GET /project/create HTTP/1.1" 304 - "http://localhost:8000/" "Mozilla/5.0 (Windows NT 10.0; Win64; x64) AppleWebKit/537.36 (KHTML, like Gecko) Chrome/97.0.4692.99 Safari/537.36"
::1 - - [24/Jan/2022:08:15:57 +0000] "GET /project/create HTTP/1.1" 304 - "http://localhost:8000/" "Mozilla/5.0 (Windows NT 10.0; Win64; x64) AppleWebKit/537.36 (KHTML, like Gecko) Chrome/97.0.4692.99 Safari/537.36"
::1 - - [24/Jan/2022:08:16:18 +0000] "GET /project/create HTTP/1.1" 304 - "http://localhost:8000/" "Mozilla/5.0 (Windows NT 10.0; Win64; x64) AppleWebKit/537.36 (KHTML, like Gecko) Chrome/97.0.4692.99 Safari/537.36"
::1 - - [24/Jan/2022:08:16:53 +0000] "GET /project/create HTTP/1.1" 304 - "http://localhost:8000/" "Mozilla/5.0 (Windows NT 10.0; Win64; x64) AppleWebKit/537.36 (KHTML, like Gecko) Chrome/97.0.4692.99 Safari/537.36"
::1 - - [24/Jan/2022:08:17:41 +0000] "GET /project/create HTTP/1.1" 304 - "http://localhost:8000/" "Mozilla/5.0 (Windows NT 10.0; Win64; x64) AppleWebKit/537.36 (KHTML, like Gecko) Chrome/97.0.4692.99 Safari/537.36"
::1 - - [24/Jan/2022:08:17:44 +0000] "GET / HTTP/1.1" 200 3610 "http://localhost:8000/project/create" "Mozilla/5.0 (Windows NT 10.0; Win64; x64) AppleWebKit/537.36 (KHTML, like Gecko) Chrome/97.0.4692.99 Safari/537.36"
::1 - - [24/Jan/2022:08:17:45 +0000] "GET /project/create HTTP/1.1" 200 2793 "http://localhost:8000/" "Mozilla/5.0 (Windows NT 10.0; Win64; x64) AppleWebKit/537.36 (KHTML, like Gecko) Chrome/97.0.4692.99 Safari/537.36"
::1 - - [24/Jan/2022:08:17:47 +0000] "GET / HTTP/1.1" 304 - "http://localhost:8000/project/create" "Mozilla/5.0 (Windows NT 10.0; Win64; x64) AppleWebKit/537.36 (KHTML, like Gecko) Chrome/97.0.4692.99 Safari/537.36"
::1 - - [24/Jan/2022:08:17:50 +0000] "GET /project/create HTTP/1.1" 200 2793 "http://localhost:8000/" "Mozilla/5.0 (Windows NT 10.0; Win64; x64) AppleWebKit/537.36 (KHTML, like Gecko) Chrome/97.0.4692.99 Safari/537.36"
::1 - - [24/Jan/2022:08:17:52 +0000] "GET / HTTP/1.1" 304 - "http://localhost:8000/project/create" "Mozilla/5.0 (Windows NT 10.0; Win64; x64) AppleWebKit/537.36 (KHTML, like Gecko) Chrome/97.0.4692.99 Safari/537.36"
::1 - - [24/Jan/2022:08:17:54 +0000] "GET /project/create HTTP/1.1" 200 2793 "http://localhost:8000/" "Mozilla/5.0 (Windows NT 10.0; Win64; x64) AppleWebKit/537.36 (KHTML, like Gecko) Chrome/97.0.4692.99 Safari/537.36"
::1 - - [24/Jan/2022:08:17:57 +0000] "GET / HTTP/1.1" 304 - "http://localhost:8000/project/create" "Mozilla/5.0 (Windows NT 10.0; Win64; x64) AppleWebKit/537.36 (KHTML, like Gecko) Chrome/97.0.4692.99 Safari/537.36"
::1 - - [24/Jan/2022:08:17:59 +0000] "GET /project/create HTTP/1.1" 200 2793 "http://localhost:8000/" "Mozilla/5.0 (Windows NT 10.0; Win64; x64) AppleWebKit/537.36 (KHTML, like Gecko) Chrome/97.0.4692.99 Safari/537.36"
::1 - - [24/Jan/2022:08:18:03 +0000] "GET /project/create HTTP/1.1" 200 2793 "http://localhost:8000/" "Mozilla/5.0 (Windows NT 10.0; Win64; x64) AppleWebKit/537.36 (KHTML, like Gecko) Chrome/97.0.4692.99 Safari/537.36"
::1 - - [24/Jan/2022:08:18:06 +0000] "GET /project/create HTTP/1.1" 200 2793 "http://localhost:8000/" "Mozilla/5.0 (Windows NT 10.0; Win64; x64) AppleWebKit/537.36 (KHTML, like Gecko) Chrome/97.0.4692.99 Safari/537.36"
::1 - - [24/Jan/2022:08:18:09 +0000] "GET /project/create HTTP/1.1" 200 2793 "http://localhost:8000/" "Mozilla/5.0 (Windows NT 10.0; Win64; x64) AppleWebKit/537.36 (KHTML, like Gecko) Chrome/97.0.4692.99 Safari/537.36"
::1 - - [24/Jan/2022:08:18:15 +0000] "GET /project/create HTTP/1.1" 200 2793 "http://localhost:8000/" "Mozilla/5.0 (Windows NT 10.0; Win64; x64) AppleWebKit/537.36 (KHTML, like Gecko) Chrome/97.0.4692.99 Safari/537.36"
::1 - - [24/Jan/2022:08:18:20 +0000] "POST /project/create-project HTTP/1.1" 302 46 "http://localhost:8000/project/create" "Mozilla/5.0 (Windows NT 10.0; Win64; x64) AppleWebKit/537.36 (KHTML, like Gecko) Chrome/97.0.4692.99 Safari/537.36"
::1 - - [24/Jan/2022:08:18:21 +0000] "GET / HTTP/1.1" 200 4780 "http://localhost:8000/project/create" "Mozilla/5.0 (Windows NT 10.0; Win64; x64) AppleWebKit/537.36 (KHTML, like Gecko) Chrome/97.0.4692.99 Safari/537.36"
::1 - - [24/Jan/2022:08:18:40 +0000] "GET /project/create HTTP/1.1" 200 2793 "http://localhost:8000/" "Mozilla/5.0 (Windows NT 10.0; Win64; x64) AppleWebKit/537.36 (KHTML, like Gecko) Chrome/97.0.4692.99 Safari/537.36"
::1 - - [24/Jan/2022:08:18:46 +0000] "GET /project/create HTTP/1.1" 200 2793 "http://localhost:8000/" "Mozilla/5.0 (Windows NT 10.0; Win64; x64) AppleWebKit/537.36 (KHTML, like Gecko) Chrome/97.0.4692.99 Safari/537.36"
::1 - - [24/Jan/2022:08:19:01 +0000] "GET /project/create HTTP/1.1" 200 2793 "http://localhost:8000/" "Mozilla/5.0 (Windows NT 10.0; Win64; x64) AppleWebKit/537.36 (KHTML, like Gecko) Chrome/97.0.4692.99 Safari/537.36"
::1 - - [24/Jan/2022:08:19:10 +0000] "GET /project/create HTTP/1.1" 200 2793 "http://localhost:8000/" "Mozilla/5.0 (Windows NT 10.0; Win64; x64) AppleWebKit/537.36 (KHTML, like Gecko) Chrome/97.0.4692.99 Safari/537.36"
::1 - - [24/Jan/2022:08:19:42 +0000] "GET /project/create HTTP/1.1" 200 2793 "http://localhost:8000/" "Mozilla/5.0 (Windows NT 10.0; Win64; x64) AppleWebKit/537.36 (KHTML, like Gecko) Chrome/97.0.4692.99 Safari/537.36"
::1 - - [24/Jan/2022:08:19:45 +0000] "GET /project/create HTTP/1.1" 304 - "http://localhost:8000/" "Mozilla/5.0 (Windows NT 10.0; Win64; x64) AppleWebKit/537.36 (KHTML, like Gecko) Chrome/97.0.4692.99 Safari/537.36"
::1 - - [24/Jan/2022:08:20:38 +0000] "GET /project/create HTTP/1.1" 304 - "http://localhost:8000/" "Mozilla/5.0 (Windows NT 10.0; Win64; x64) AppleWebKit/537.36 (KHTML, like Gecko) Chrome/97.0.4692.99 Safari/537.36"
::1 - - [24/Jan/2022:08:20:42 +0000] "GET /project/create HTTP/1.1" 304 - "http://localhost:8000/" "Mozilla/5.0 (Windows NT 10.0; Win64; x64) AppleWebKit/537.36 (KHTML, like Gecko) Chrome/97.0.4692.99 Safari/537.36"
::1 - - [24/Jan/2022:08:20:46 +0000] "GET /project/create HTTP/1.1" 304 - "http://localhost:8000/" "Mozilla/5.0 (Windows NT 10.0; Win64; x64) AppleWebKit/537.36 (KHTML, like Gecko) Chrome/97.0.4692.99 Safari/537.36"
::1 - - [24/Jan/2022:08:21:27 +0000] "GET /project/create HTTP/1.1" 304 - "http://localhost:8000/" "Mozilla/5.0 (Windows NT 10.0; Win64; x64) AppleWebKit/537.36 (KHTML, like Gecko) Chrome/97.0.4692.99 Safari/537.36"
::1 - - [24/Jan/2022:08:21:28 +0000] "GET / HTTP/1.1" 200 4395 "http://localhost:8000/project/create" "Mozilla/5.0 (Windows NT 10.0; Win64; x64) AppleWebKit/537.36 (KHTML, like Gecko) Chrome/97.0.4692.99 Safari/537.36"
::1 - - [24/Jan/2022:11:25:44 +0000] "GET / HTTP/1.1" 304 - "-" "Mozilla/5.0 (Windows NT 10.0; Win64; x64) AppleWebKit/537.36 (KHTML, like Gecko) Chrome/97.0.4692.99 Safari/537.36"
::1 - - [24/Jan/2022:11:25:47 +0000] "GET /project/create HTTP/1.1" 304 - "http://localhost:8000/" "Mozilla/5.0 (Windows NT 10.0; Win64; x64) AppleWebKit/537.36 (KHTML, like Gecko) Chrome/97.0.4692.99 Safari/537.36"
::1 - - [24/Jan/2022:11:25:51 +0000] "GET /project/create HTTP/1.1" 304 - "http://localhost:8000/" "Mozilla/5.0 (Windows NT 10.0; Win64; x64) AppleWebKit/537.36 (KHTML, like Gecko) Chrome/97.0.4692.99 Safari/537.36"
::1 - - [24/Jan/2022:11:25:53 +0000] "GET / HTTP/1.1" 304 - "http://localhost:8000/project/create" "Mozilla/5.0 (Windows NT 10.0; Win64; x64) AppleWebKit/537.36 (KHTML, like Gecko) Chrome/97.0.4692.99 Safari/537.36"
::1 - - [24/Jan/2022:11:30:14 +0000] "GET / HTTP/1.1" 304 - "http://localhost:8000/project/create" "Mozilla/5.0 (Windows NT 10.0; Win64; x64) AppleWebKit/537.36 (KHTML, like Gecko) Chrome/97.0.4692.99 Safari/537.36"
::1 - - [24/Jan/2022:11:30:16 +0000] "GET /project/61ee602716362fd7135734ee HTTP/1.1" 200 2075 "http://localhost:8000/" "Mozilla/5.0 (Windows NT 10.0; Win64; x64) AppleWebKit/537.36 (KHTML, like Gecko) Chrome/97.0.4692.99 Safari/537.36"
::1 - - [24/Jan/2022:11:30:54 +0000] "GET / HTTP/1.1" 304 - "http://localhost:8000/project/create" "Mozilla/5.0 (Windows NT 10.0; Win64; x64) AppleWebKit/537.36 (KHTML, like Gecko) Chrome/97.0.4692.99 Safari/537.36"
::1 - - [24/Jan/2022:11:31:31 +0000] "GET / HTTP/1.1" 304 - "http://localhost:8000/project/create" "Mozilla/5.0 (Windows NT 10.0; Win64; x64) AppleWebKit/537.36 (KHTML, like Gecko) Chrome/97.0.4692.99 Safari/537.36"
::1 - - [24/Jan/2022:11:31:34 +0000] "GET /project/create HTTP/1.1" 304 - "http://localhost:8000/" "Mozilla/5.0 (Windows NT 10.0; Win64; x64) AppleWebKit/537.36 (KHTML, like Gecko) Chrome/97.0.4692.99 Safari/537.36"
::1 - - [24/Jan/2022:11:31:38 +0000] "GET /project/61ee602716362fd7135734ee HTTP/1.1" 304 - "http://localhost:8000/" "Mozilla/5.0 (Windows NT 10.0; Win64; x64) AppleWebKit/537.36 (KHTML, like Gecko) Chrome/97.0.4692.99 Safari/537.36"
::1 - - [24/Jan/2022:11:32:32 +0000] "GET /project/61ee602716362fd7135734ee HTTP/1.1" 304 - "http://localhost:8000/" "Mozilla/5.0 (Windows NT 10.0; Win64; x64) AppleWebKit/537.36 (KHTML, like Gecko) Chrome/97.0.4692.99 Safari/537.36"
::1 - - [24/Jan/2022:11:33:12 +0000] "GET /project/61ee602716362fd7135734ee HTTP/1.1" 304 - "http://localhost:8000/" "Mozilla/5.0 (Windows NT 10.0; Win64; x64) AppleWebKit/537.36 (KHTML, like Gecko) Chrome/97.0.4692.99 Safari/537.36"
::1 - - [24/Jan/2022:11:35:44 +0000] "GET /project/61ee602716362fd7135734ee HTTP/1.1" 304 - "http://localhost:8000/" "Mozilla/5.0 (Windows NT 10.0; Win64; x64) AppleWebKit/537.36 (KHTML, like Gecko) Chrome/97.0.4692.99 Safari/537.36"
::1 - - [24/Jan/2022:11:37:31 +0000] "GET /project/61ee602716362fd7135734ee HTTP/1.1" 200 2135 "http://localhost:8000/" "Mozilla/5.0 (Windows NT 10.0; Win64; x64) AppleWebKit/537.36 (KHTML, like Gecko) Chrome/97.0.4692.99 Safari/537.36"
::1 - - [24/Jan/2022:11:37:50 +0000] "GET /project/61ee602716362fd7135734ee HTTP/1.1" 304 - "http://localhost:8000/" "Mozilla/5.0 (Windows NT 10.0; Win64; x64) AppleWebKit/537.36 (KHTML, like Gecko) Chrome/97.0.4692.99 Safari/537.36"
::1 - - [24/Jan/2022:11:44:16 +0000] "GET /project/61ee602716362fd7135734ee HTTP/1.1" 304 - "http://localhost:8000/" "Mozilla/5.0 (Windows NT 10.0; Win64; x64) AppleWebKit/537.36 (KHTML, like Gecko) Chrome/97.0.4692.99 Safari/537.36"
::1 - - [24/Jan/2022:11:45:15 +0000] "GET /project/61ee602716362fd7135734ee HTTP/1.1" 200 2282 "http://localhost:8000/" "Mozilla/5.0 (Windows NT 10.0; Win64; x64) AppleWebKit/537.36 (KHTML, like Gecko) Chrome/97.0.4692.99 Safari/537.36"
::1 - - [24/Jan/2022:11:50:22 +0000] "GET /project/61ee602716362fd7135734ee HTTP/1.1" 304 - "http://localhost:8000/" "Mozilla/5.0 (Windows NT 10.0; Win64; x64) AppleWebKit/537.36 (KHTML, like Gecko) Chrome/97.0.4692.99 Safari/537.36"
::1 - - [24/Jan/2022:11:50:51 +0000] "GET /project/61ee602716362fd7135734ee HTTP/1.1" 304 - "http://localhost:8000/" "Mozilla/5.0 (Windows NT 10.0; Win64; x64) AppleWebKit/537.36 (KHTML, like Gecko) Chrome/97.0.4692.99 Safari/537.36"
::1 - - [24/Jan/2022:11:51:06 +0000] "GET /project/61ee602716362fd7135734ee HTTP/1.1" 200 2386 "http://localhost:8000/" "Mozilla/5.0 (Windows NT 10.0; Win64; x64) AppleWebKit/537.36 (KHTML, like Gecko) Chrome/97.0.4692.99 Safari/537.36"
::1 - - [24/Jan/2022:11:55:12 +0000] "GET /project/61ee602716362fd7135734ee HTTP/1.1" 200 2394 "http://localhost:8000/" "Mozilla/5.0 (Windows NT 10.0; Win64; x64) AppleWebKit/537.36 (KHTML, like Gecko) Chrome/97.0.4692.99 Safari/537.36"
::1 - - [24/Jan/2022:11:56:59 +0000] "GET /project/61ee602716362fd7135734ee HTTP/1.1" 200 2481 "http://localhost:8000/" "Mozilla/5.0 (Windows NT 10.0; Win64; x64) AppleWebKit/537.36 (KHTML, like Gecko) Chrome/97.0.4692.99 Safari/537.36"
::1 - - [28/Jan/2022:03:47:40 +0000] "GET / HTTP/1.1" 304 - "-" "Mozilla/5.0 (Windows NT 10.0; Win64; x64) AppleWebKit/537.36 (KHTML, like Gecko) Chrome/97.0.4692.99 Safari/537.36"
::1 - - [28/Jan/2022:03:48:06 +0000] "GET /project/61ee602716362fd7135734ee HTTP/1.1" 200 2479 "http://localhost:8000/" "Mozilla/5.0 (Windows NT 10.0; Win64; x64) AppleWebKit/537.36 (KHTML, like Gecko) Chrome/97.0.4692.99 Safari/537.36"
::1 - - [28/Jan/2022:03:49:09 +0000] "GET /project/61ee602716362fd7135734ee HTTP/1.1" 200 2477 "http://localhost:8000/" "Mozilla/5.0 (Windows NT 10.0; Win64; x64) AppleWebKit/537.36 (KHTML, like Gecko) Chrome/97.0.4692.99 Safari/537.36"
::1 - - [28/Jan/2022:03:50:16 +0000] "GET /project/61ee602716362fd7135734ee HTTP/1.1" 200 2501 "http://localhost:8000/" "Mozilla/5.0 (Windows NT 10.0; Win64; x64) AppleWebKit/537.36 (KHTML, like Gecko) Chrome/97.0.4692.99 Safari/537.36"
::1 - - [28/Jan/2022:03:51:21 +0000] "GET /project/61ee602716362fd7135734ee HTTP/1.1" 304 - "http://localhost:8000/" "Mozilla/5.0 (Windows NT 10.0; Win64; x64) AppleWebKit/537.36 (KHTML, like Gecko) Chrome/97.0.4692.99 Safari/537.36"
::1 - - [28/Jan/2022:03:51:53 +0000] "GET /project/61ee602716362fd7135734ee HTTP/1.1" 304 - "http://localhost:8000/" "Mozilla/5.0 (Windows NT 10.0; Win64; x64) AppleWebKit/537.36 (KHTML, like Gecko) Chrome/97.0.4692.99 Safari/537.36"
::1 - - [28/Jan/2022:03:52:15 +0000] "GET /project/61ee602716362fd7135734ee HTTP/1.1" 200 2512 "http://localhost:8000/" "Mozilla/5.0 (Windows NT 10.0; Win64; x64) AppleWebKit/537.36 (KHTML, like Gecko) Chrome/97.0.4692.99 Safari/537.36"
::1 - - [28/Jan/2022:03:52:42 +0000] "GET /project/61ee602716362fd7135734ee HTTP/1.1" 304 - "http://localhost:8000/" "Mozilla/5.0 (Windows NT 10.0; Win64; x64) AppleWebKit/537.36 (KHTML, like Gecko) Chrome/97.0.4692.99 Safari/537.36"
::1 - - [28/Jan/2022:03:53:09 +0000] "GET /project/61ee602716362fd7135734ee HTTP/1.1" 304 - "http://localhost:8000/" "Mozilla/5.0 (Windows NT 10.0; Win64; x64) AppleWebKit/537.36 (KHTML, like Gecko) Chrome/97.0.4692.99 Safari/537.36"
::1 - - [28/Jan/2022:03:53:21 +0000] "GET /project/61ee602716362fd7135734ee HTTP/1.1" 304 - "http://localhost:8000/" "Mozilla/5.0 (Windows NT 10.0; Win64; x64) AppleWebKit/537.36 (KHTML, like Gecko) Chrome/97.0.4692.99 Safari/537.36"
::1 - - [28/Jan/2022:03:53:39 +0000] "GET /project/61ee602716362fd7135734ee HTTP/1.1" 304 - "http://localhost:8000/" "Mozilla/5.0 (Windows NT 10.0; Win64; x64) AppleWebKit/537.36 (KHTML, like Gecko) Chrome/97.0.4692.99 Safari/537.36"
::1 - - [28/Jan/2022:03:54:35 +0000] "GET /project/61ee602716362fd7135734ee HTTP/1.1" 200 2538 "http://localhost:8000/" "Mozilla/5.0 (Windows NT 10.0; Win64; x64) AppleWebKit/537.36 (KHTML, like Gecko) Chrome/97.0.4692.99 Safari/537.36"
::1 - - [28/Jan/2022:03:54:56 +0000] "GET /project/61ee602716362fd7135734ee HTTP/1.1" 304 - "http://localhost:8000/" "Mozilla/5.0 (Windows NT 10.0; Win64; x64) AppleWebKit/537.36 (KHTML, like Gecko) Chrome/97.0.4692.99 Safari/537.36"
::1 - - [28/Jan/2022:03:58:23 +0000] "GET /project/61ee602716362fd7135734ee HTTP/1.1" 200 2512 "http://localhost:8000/" "Mozilla/5.0 (Windows NT 10.0; Win64; x64) AppleWebKit/537.36 (KHTML, like Gecko) Chrome/97.0.4692.99 Safari/537.36"
::1 - - [28/Jan/2022:03:58:59 +0000] "GET /project/61ee602716362fd7135734ee HTTP/1.1" 200 2521 "http://localhost:8000/" "Mozilla/5.0 (Windows NT 10.0; Win64; x64) AppleWebKit/537.36 (KHTML, like Gecko) Chrome/97.0.4692.99 Safari/537.36"
::1 - - [28/Jan/2022:03:59:30 +0000] "GET /project/61ee602716362fd7135734ee HTTP/1.1" 200 2551 "http://localhost:8000/" "Mozilla/5.0 (Windows NT 10.0; Win64; x64) AppleWebKit/537.36 (KHTML, like Gecko) Chrome/97.0.4692.99 Safari/537.36"
::1 - - [28/Jan/2022:03:59:46 +0000] "GET /project/61ee602716362fd7135734ee HTTP/1.1" 200 2553 "http://localhost:8000/" "Mozilla/5.0 (Windows NT 10.0; Win64; x64) AppleWebKit/537.36 (KHTML, like Gecko) Chrome/97.0.4692.99 Safari/537.36"
::1 - - [28/Jan/2022:04:00:27 +0000] "GET /project/61ee602716362fd7135734ee HTTP/1.1" 200 2535 "http://localhost:8000/" "Mozilla/5.0 (Windows NT 10.0; Win64; x64) AppleWebKit/537.36 (KHTML, like Gecko) Chrome/97.0.4692.99 Safari/537.36"
::1 - - [28/Jan/2022:04:00:53 +0000] "GET /project/61ee602716362fd7135734ee HTTP/1.1" 304 - "http://localhost:8000/" "Mozilla/5.0 (Windows NT 10.0; Win64; x64) AppleWebKit/537.36 (KHTML, like Gecko) Chrome/97.0.4692.99 Safari/537.36"
::1 - - [28/Jan/2022:04:01:15 +0000] "GET /project/61ee602716362fd7135734ee HTTP/1.1" 200 2592 "http://localhost:8000/" "Mozilla/5.0 (Windows NT 10.0; Win64; x64) AppleWebKit/537.36 (KHTML, like Gecko) Chrome/97.0.4692.99 Safari/537.36"
::1 - - [28/Jan/2022:04:02:02 +0000] "GET /project/61ee602716362fd7135734ee HTTP/1.1" 304 - "http://localhost:8000/" "Mozilla/5.0 (Windows NT 10.0; Win64; x64) AppleWebKit/537.36 (KHTML, like Gecko) Chrome/97.0.4692.99 Safari/537.36"
::1 - - [28/Jan/2022:04:03:31 +0000] "GET /project/create HTTP/1.1" 304 - "http://localhost:8000/" "Mozilla/5.0 (Windows NT 10.0; Win64; x64) AppleWebKit/537.36 (KHTML, like Gecko) Chrome/97.0.4692.99 Safari/537.36"
::1 - - [28/Jan/2022:04:04:02 +0000] "POST /project/create-project HTTP/1.1" 302 46 "http://localhost:8000/project/create" "Mozilla/5.0 (Windows NT 10.0; Win64; x64) AppleWebKit/537.36 (KHTML, like Gecko) Chrome/97.0.4692.99 Safari/537.36"
::1 - - [28/Jan/2022:04:04:02 +0000] "GET / HTTP/1.1" 200 5855 "http://localhost:8000/project/create" "Mozilla/5.0 (Windows NT 10.0; Win64; x64) AppleWebKit/537.36 (KHTML, like Gecko) Chrome/97.0.4692.99 Safari/537.36"
::1 - - [28/Jan/2022:04:04:10 +0000] "GET /project/61f36b326e6abd6875fbf704 HTTP/1.1" 200 2870 "http://localhost:8000/" "Mozilla/5.0 (Windows NT 10.0; Win64; x64) AppleWebKit/537.36 (KHTML, like Gecko) Chrome/97.0.4692.99 Safari/537.36"
::1 - - [28/Jan/2022:04:04:29 +0000] "GET /project/61f36b326e6abd6875fbf704 HTTP/1.1" 304 - "http://localhost:8000/" "Mozilla/5.0 (Windows NT 10.0; Win64; x64) AppleWebKit/537.36 (KHTML, like Gecko) Chrome/97.0.4692.99 Safari/537.36"
::1 - - [28/Jan/2022:04:05:12 +0000] "GET /project/61f36b326e6abd6875fbf704 HTTP/1.1" 304 - "http://localhost:8000/" "Mozilla/5.0 (Windows NT 10.0; Win64; x64) AppleWebKit/537.36 (KHTML, like Gecko) Chrome/97.0.4692.99 Safari/537.36"
::1 - - [28/Jan/2022:04:05:39 +0000] "GET /project/61f36b326e6abd6875fbf704 HTTP/1.1" 200 2896 "http://localhost:8000/" "Mozilla/5.0 (Windows NT 10.0; Win64; x64) AppleWebKit/537.36 (KHTML, like Gecko) Chrome/97.0.4692.99 Safari/537.36"
::1 - - [28/Jan/2022:04:06:00 +0000] "GET /project/61f36b326e6abd6875fbf704 HTTP/1.1" 200 2896 "http://localhost:8000/" "Mozilla/5.0 (Windows NT 10.0; Win64; x64) AppleWebKit/537.36 (KHTML, like Gecko) Chrome/97.0.4692.99 Safari/537.36"
::1 - - [28/Jan/2022:04:06:17 +0000] "GET /project/61f36b326e6abd6875fbf704 HTTP/1.1" 200 2922 "http://localhost:8000/" "Mozilla/5.0 (Windows NT 10.0; Win64; x64) AppleWebKit/537.36 (KHTML, like Gecko) Chrome/97.0.4692.99 Safari/537.36"
::1 - - [28/Jan/2022:04:06:24 +0000] "GET /project/61f36b326e6abd6875fbf704 HTTP/1.1" 200 2922 "http://localhost:8000/" "Mozilla/5.0 (Windows NT 10.0; Win64; x64) AppleWebKit/537.36 (KHTML, like Gecko) Chrome/97.0.4692.99 Safari/537.36"
::1 - - [28/Jan/2022:04:06:39 +0000] "GET /project/61f36b326e6abd6875fbf704 HTTP/1.1" 200 2948 "http://localhost:8000/" "Mozilla/5.0 (Windows NT 10.0; Win64; x64) AppleWebKit/537.36 (KHTML, like Gecko) Chrome/97.0.4692.99 Safari/537.36"
::1 - - [28/Jan/2022:04:07:10 +0000] "GET /project/61f36b326e6abd6875fbf704 HTTP/1.1" 200 2948 "http://localhost:8000/" "Mozilla/5.0 (Windows NT 10.0; Win64; x64) AppleWebKit/537.36 (KHTML, like Gecko) Chrome/97.0.4692.99 Safari/537.36"
::1 - - [28/Jan/2022:04:07:33 +0000] "GET /project/61f36b326e6abd6875fbf704 HTTP/1.1" 304 - "http://localhost:8000/" "Mozilla/5.0 (Windows NT 10.0; Win64; x64) AppleWebKit/537.36 (KHTML, like Gecko) Chrome/97.0.4692.99 Safari/537.36"
::1 - - [28/Jan/2022:04:16:01 +0000] "GET /project/61f36b326e6abd6875fbf704 HTTP/1.1" 200 2892 "http://localhost:8000/" "Mozilla/5.0 (Windows NT 10.0; Win64; x64) AppleWebKit/537.36 (KHTML, like Gecko) Chrome/97.0.4692.99 Safari/537.36"
::1 - - [28/Jan/2022:04:20:25 +0000] "GET /project/61f36b326e6abd6875fbf704 HTTP/1.1" 304 - "http://localhost:8000/" "Mozilla/5.0 (Windows NT 10.0; Win64; x64) AppleWebKit/537.36 (KHTML, like Gecko) Chrome/97.0.4692.99 Safari/537.36"
::1 - - [28/Jan/2022:04:20:27 +0000] "GET /project/61f36b326e6abd6875fbf704/create-issue HTTP/1.1" 200 2735 "http://localhost:8000/project/61f36b326e6abd6875fbf704" "Mozilla/5.0 (Windows NT 10.0; Win64; x64) AppleWebKit/537.36 (KHTML, like Gecko) Chrome/97.0.4692.99 Safari/537.36"
::1 - - [28/Jan/2022:04:23:11 +0000] "GET /project/61f36b326e6abd6875fbf704/create-issue HTTP/1.1" 500 1237 "http://localhost:8000/project/61f36b326e6abd6875fbf704" "Mozilla/5.0 (Windows NT 10.0; Win64; x64) AppleWebKit/537.36 (KHTML, like Gecko) Chrome/97.0.4692.99 Safari/537.36"
::1 - - [28/Jan/2022:04:24:04 +0000] "GET /project/61f36b326e6abd6875fbf704/create-issue HTTP/1.1" 200 2767 "http://localhost:8000/project/61f36b326e6abd6875fbf704" "Mozilla/5.0 (Windows NT 10.0; Win64; x64) AppleWebKit/537.36 (KHTML, like Gecko) Chrome/97.0.4692.99 Safari/537.36"
::1 - - [28/Jan/2022:04:24:07 +0000] "GET /project/61f36b326e6abd6875fbf704 HTTP/1.1" 304 - "http://localhost:8000/project/61f36b326e6abd6875fbf704/create-issue" "Mozilla/5.0 (Windows NT 10.0; Win64; x64) AppleWebKit/537.36 (KHTML, like Gecko) Chrome/97.0.4692.99 Safari/537.36"
::1 - - [28/Jan/2022:04:24:09 +0000] "GET /project/61f36b326e6abd6875fbf704/create-issue HTTP/1.1" 304 - "http://localhost:8000/project/61f36b326e6abd6875fbf704" "Mozilla/5.0 (Windows NT 10.0; Win64; x64) AppleWebKit/537.36 (KHTML, like Gecko) Chrome/97.0.4692.99 Safari/537.36"
::1 - - [28/Jan/2022:04:25:08 +0000] "GET /project/61f36b326e6abd6875fbf704/create-issue HTTP/1.1" 200 2799 "http://localhost:8000/project/61f36b326e6abd6875fbf704" "Mozilla/5.0 (Windows NT 10.0; Win64; x64) AppleWebKit/537.36 (KHTML, like Gecko) Chrome/97.0.4692.99 Safari/537.36"
::1 - - [28/Jan/2022:04:25:35 +0000] "GET /project/61f36b326e6abd6875fbf704 HTTP/1.1" 304 - "http://localhost:8000/project/61f36b326e6abd6875fbf704/create-issue" "Mozilla/5.0 (Windows NT 10.0; Win64; x64) AppleWebKit/537.36 (KHTML, like Gecko) Chrome/97.0.4692.99 Safari/537.36"
::1 - - [28/Jan/2022:04:25:40 +0000] "GET /project/61f36b326e6abd6875fbf704 HTTP/1.1" 304 - "http://localhost:8000/project/61f36b326e6abd6875fbf704/create-issue" "Mozilla/5.0 (Windows NT 10.0; Win64; x64) AppleWebKit/537.36 (KHTML, like Gecko) Chrome/97.0.4692.99 Safari/537.36"
::1 - - [28/Jan/2022:04:25:51 +0000] "GET / HTTP/1.1" 200 5414 "-" "Mozilla/5.0 (Windows NT 10.0; Win64; x64) AppleWebKit/537.36 (KHTML, like Gecko) Chrome/97.0.4692.99 Safari/537.36"
::1 - - [28/Jan/2022:04:25:53 +0000] "GET /project/61ee602716362fd7135734ee HTTP/1.1" 200 2614 "http://localhost:8000/" "Mozilla/5.0 (Windows NT 10.0; Win64; x64) AppleWebKit/537.36 (KHTML, like Gecko) Chrome/97.0.4692.99 Safari/537.36"
::1 - - [28/Jan/2022:04:25:55 +0000] "GET /project/61ee602716362fd7135734ee/create-issue HTTP/1.1" 200 2799 "http://localhost:8000/project/61ee602716362fd7135734ee" "Mozilla/5.0 (Windows NT 10.0; Win64; x64) AppleWebKit/537.36 (KHTML, like Gecko) Chrome/97.0.4692.99 Safari/537.36"
::1 - - [28/Jan/2022:04:25:58 +0000] "GET /project/61ee602716362fd7135734ee HTTP/1.1" 304 - "http://localhost:8000/project/61ee602716362fd7135734ee/create-issue" "Mozilla/5.0 (Windows NT 10.0; Win64; x64) AppleWebKit/537.36 (KHTML, like Gecko) Chrome/97.0.4692.99 Safari/537.36"
::1 - - [28/Jan/2022:04:26:01 +0000] "GET /project/61ee602716362fd7135734ee/create-issue HTTP/1.1" 304 - "http://localhost:8000/project/61ee602716362fd7135734ee" "Mozilla/5.0 (Windows NT 10.0; Win64; x64) AppleWebKit/537.36 (KHTML, like Gecko) Chrome/97.0.4692.99 Safari/537.36"
::1 - - [28/Jan/2022:04:26:02 +0000] "GET /project/61ee602716362fd7135734ee HTTP/1.1" 304 - "http://localhost:8000/project/61ee602716362fd7135734ee/create-issue" "Mozilla/5.0 (Windows NT 10.0; Win64; x64) AppleWebKit/537.36 (KHTML, like Gecko) Chrome/97.0.4692.99 Safari/537.36"
::1 - - [28/Jan/2022:04:26:04 +0000] "GET /project/61ee602716362fd7135734ee/create-issue HTTP/1.1" 304 - "http://localhost:8000/project/61ee602716362fd7135734ee" "Mozilla/5.0 (Windows NT 10.0; Win64; x64) AppleWebKit/537.36 (KHTML, like Gecko) Chrome/97.0.4692.99 Safari/537.36"
::1 - - [28/Jan/2022:04:29:04 +0000] "GET /project/61ee602716362fd7135734ee HTTP/1.1" 304 - "http://localhost:8000/project/61ee602716362fd7135734ee/create-issue" "Mozilla/5.0 (Windows NT 10.0; Win64; x64) AppleWebKit/537.36 (KHTML, like Gecko) Chrome/97.0.4692.99 Safari/537.36"
::1 - - [28/Jan/2022:04:29:51 +0000] "GET /project/61ee602716362fd7135734ee HTTP/1.1" 200 2788 "http://localhost:8000/project/61ee602716362fd7135734ee/create-issue" "Mozilla/5.0 (Windows NT 10.0; Win64; x64) AppleWebKit/537.36 (KHTML, like Gecko) Chrome/97.0.4692.99 Safari/537.36"
::1 - - [28/Jan/2022:04:30:05 +0000] "GET /project/61ee602716362fd7135734ee HTTP/1.1" 200 2814 "http://localhost:8000/project/61ee602716362fd7135734ee/create-issue" "Mozilla/5.0 (Windows NT 10.0; Win64; x64) AppleWebKit/537.36 (KHTML, like Gecko) Chrome/97.0.4692.99 Safari/537.36"
::1 - - [28/Jan/2022:04:30:22 +0000] "GET /project/61ee602716362fd7135734ee HTTP/1.1" 200 2831 "http://localhost:8000/project/61ee602716362fd7135734ee/create-issue" "Mozilla/5.0 (Windows NT 10.0; Win64; x64) AppleWebKit/537.36 (KHTML, like Gecko) Chrome/97.0.4692.99 Safari/537.36"
::1 - - [28/Jan/2022:04:30:30 +0000] "GET /project/61ee602716362fd7135734ee HTTP/1.1" 200 2831 "http://localhost:8000/project/61ee602716362fd7135734ee/create-issue" "Mozilla/5.0 (Windows NT 10.0; Win64; x64) AppleWebKit/537.36 (KHTML, like Gecko) Chrome/97.0.4692.99 Safari/537.36"
::1 - - [28/Jan/2022:04:30:56 +0000] "GET /project/61ee602716362fd7135734ee HTTP/1.1" 200 2858 "http://localhost:8000/project/61ee602716362fd7135734ee/create-issue" "Mozilla/5.0 (Windows NT 10.0; Win64; x64) AppleWebKit/537.36 (KHTML, like Gecko) Chrome/97.0.4692.99 Safari/537.36"
::1 - - [28/Jan/2022:04:31:04 +0000] "GET /project/61ee602716362fd7135734ee HTTP/1.1" 200 2857 "http://localhost:8000/project/61ee602716362fd7135734ee/create-issue" "Mozilla/5.0 (Windows NT 10.0; Win64; x64) AppleWebKit/537.36 (KHTML, like Gecko) Chrome/97.0.4692.99 Safari/537.36"
::1 - - [28/Jan/2022:04:31:10 +0000] "GET / HTTP/1.1" 304 - "http://localhost:8000/project/61ee602716362fd7135734ee" "Mozilla/5.0 (Windows NT 10.0; Win64; x64) AppleWebKit/537.36 (KHTML, like Gecko) Chrome/97.0.4692.99 Safari/537.36"
::1 - - [28/Jan/2022:04:31:14 +0000] "GET /project/create HTTP/1.1" 200 2737 "http://localhost:8000/" "Mozilla/5.0 (Windows NT 10.0; Win64; x64) AppleWebKit/537.36 (KHTML, like Gecko) Chrome/97.0.4692.99 Safari/537.36"
::1 - - [28/Jan/2022:04:31:15 +0000] "GET / HTTP/1.1" 304 - "http://localhost:8000/project/create" "Mozilla/5.0 (Windows NT 10.0; Win64; x64) AppleWebKit/537.36 (KHTML, like Gecko) Chrome/97.0.4692.99 Safari/537.36"
::1 - - [28/Jan/2022:04:31:17 +0000] "GET /project/61ee602716362fd7135734ee HTTP/1.1" 304 - "http://localhost:8000/" "Mozilla/5.0 (Windows NT 10.0; Win64; x64) AppleWebKit/537.36 (KHTML, like Gecko) Chrome/97.0.4692.99 Safari/537.36"
::1 - - [28/Jan/2022:04:31:19 +0000] "GET / HTTP/1.1" 304 - "http://localhost:8000/project/61ee602716362fd7135734ee" "Mozilla/5.0 (Windows NT 10.0; Win64; x64) AppleWebKit/537.36 (KHTML, like Gecko) Chrome/97.0.4692.99 Safari/537.36"
::1 - - [28/Jan/2022:04:31:20 +0000] "GET /project/61f36b326e6abd6875fbf704 HTTP/1.1" 200 3135 "http://localhost:8000/" "Mozilla/5.0 (Windows NT 10.0; Win64; x64) AppleWebKit/537.36 (KHTML, like Gecko) Chrome/97.0.4692.99 Safari/537.36"
::1 - - [28/Jan/2022:04:31:23 +0000] "GET / HTTP/1.1" 304 - "http://localhost:8000/project/61f36b326e6abd6875fbf704" "Mozilla/5.0 (Windows NT 10.0; Win64; x64) AppleWebKit/537.36 (KHTML, like Gecko) Chrome/97.0.4692.99 Safari/537.36"
::1 - - [28/Jan/2022:04:31:25 +0000] "GET /project/61f36b326e6abd6875fbf704 HTTP/1.1" 304 - "http://localhost:8000/" "Mozilla/5.0 (Windows NT 10.0; Win64; x64) AppleWebKit/537.36 (KHTML, like Gecko) Chrome/97.0.4692.99 Safari/537.36"
::1 - - [28/Jan/2022:04:31:26 +0000] "GET /project/61f36b326e6abd6875fbf704/create-issue HTTP/1.1" 304 - "http://localhost:8000/project/61f36b326e6abd6875fbf704" "Mozilla/5.0 (Windows NT 10.0; Win64; x64) AppleWebKit/537.36 (KHTML, like Gecko) Chrome/97.0.4692.99 Safari/537.36"
::1 - - [28/Jan/2022:04:31:28 +0000] "GET /project/61f36b326e6abd6875fbf704 HTTP/1.1" 304 - "http://localhost:8000/project/61f36b326e6abd6875fbf704/create-issue" "Mozilla/5.0 (Windows NT 10.0; Win64; x64) AppleWebKit/537.36 (KHTML, like Gecko) Chrome/97.0.4692.99 Safari/537.36"
::1 - - [28/Jan/2022:04:31:53 +0000] "GET / HTTP/1.1" 304 - "http://localhost:8000/project/61f36b326e6abd6875fbf704" "Mozilla/5.0 (Windows NT 10.0; Win64; x64) AppleWebKit/537.36 (KHTML, like Gecko) Chrome/97.0.4692.99 Safari/537.36"
::1 - - [28/Jan/2022:04:31:55 +0000] "GET /project/61f36b326e6abd6875fbf704 HTTP/1.1" 304 - "http://localhost:8000/" "Mozilla/5.0 (Windows NT 10.0; Win64; x64) AppleWebKit/537.36 (KHTML, like Gecko) Chrome/97.0.4692.99 Safari/537.36"
::1 - - [28/Jan/2022:04:34:39 +0000] "GET / HTTP/1.1" 304 - "http://localhost:8000/project/61f36b326e6abd6875fbf704" "Mozilla/5.0 (Windows NT 10.0; Win64; x64) AppleWebKit/537.36 (KHTML, like Gecko) Chrome/97.0.4692.99 Safari/537.36"
::1 - - [28/Jan/2022:04:34:55 +0000] "GET /project/create HTTP/1.1" 304 - "http://localhost:8000/" "Mozilla/5.0 (Windows NT 10.0; Win64; x64) AppleWebKit/537.36 (KHTML, like Gecko) Chrome/97.0.4692.99 Safari/537.36"
::1 - - [28/Jan/2022:04:34:57 +0000] "GET / HTTP/1.1" 304 - "http://localhost:8000/project/create" "Mozilla/5.0 (Windows NT 10.0; Win64; x64) AppleWebKit/537.36 (KHTML, like Gecko) Chrome/97.0.4692.99 Safari/537.36"
::1 - - [28/Jan/2022:04:34:59 +0000] "GET /project/61f36b326e6abd6875fbf704 HTTP/1.1" 304 - "http://localhost:8000/" "Mozilla/5.0 (Windows NT 10.0; Win64; x64) AppleWebKit/537.36 (KHTML, like Gecko) Chrome/97.0.4692.99 Safari/537.36"
::1 - - [28/Jan/2022:04:35:04 +0000] "GET /project/61f36b326e6abd6875fbf704/create-issue HTTP/1.1" 304 - "http://localhost:8000/project/61f36b326e6abd6875fbf704" "Mozilla/5.0 (Windows NT 10.0; Win64; x64) AppleWebKit/537.36 (KHTML, like Gecko) Chrome/97.0.4692.99 Safari/537.36"
::1 - - [28/Jan/2022:04:35:06 +0000] "GET /project/61f36b326e6abd6875fbf704 HTTP/1.1" 304 - "http://localhost:8000/project/61f36b326e6abd6875fbf704/create-issue" "Mozilla/5.0 (Windows NT 10.0; Win64; x64) AppleWebKit/537.36 (KHTML, like Gecko) Chrome/97.0.4692.99 Safari/537.36"
::1 - - [28/Jan/2022:04:35:07 +0000] "GET /project/61f36b326e6abd6875fbf704/create-issue HTTP/1.1" 304 - "http://localhost:8000/project/61f36b326e6abd6875fbf704" "Mozilla/5.0 (Windows NT 10.0; Win64; x64) AppleWebKit/537.36 (KHTML, like Gecko) Chrome/97.0.4692.99 Safari/537.36"
::1 - - [28/Jan/2022:04:35:12 +0000] "GET /project/61f36b326e6abd6875fbf704 HTTP/1.1" 304 - "http://localhost:8000/project/61f36b326e6abd6875fbf704/create-issue" "Mozilla/5.0 (Windows NT 10.0; Win64; x64) AppleWebKit/537.36 (KHTML, like Gecko) Chrome/97.0.4692.99 Safari/537.36"
